2021-11-02 11:52:21,182 :INFO :Logs.Log :********************verifying Login Test********************************
2021-11-02 11:53:04,471 :INFO :Logs.Log :********************Test  Logout Ended********************************
2021-11-02 14:13:43,559 :INFO :Logs.Log :********************verifying Homepage Test********************************
2021-11-02 14:15:05,720 :INFO :Logs.Log :********************verifying SelectYear2018 Test********************************
2021-11-02 14:20:21,224 :INFO :Logs.Log :********************verifying Homepage Test********************************
2021-11-02 14:21:24,069 :INFO :Logs.Log :********************Test  CommunityHomepage Passed********************************
2021-11-02 14:21:25,469 :INFO :Logs.Log :********************verifying SelectYear2018 Test********************************
2021-11-02 14:23:15,555 :INFO :Logs.Log :********************verifying Revenue2018 Test********************************
2021-11-02 14:25:13,353 :INFO :Logs.Log :********************Test  Revenue Ended********************************
2021-11-02 14:25:48,880 :INFO :Logs.Log :********************Test  Revenue Ended********************************
2021-11-02 14:26:24,414 :INFO :Logs.Log :********************Test  Revenue Ended********************************
2021-11-02 14:26:59,933 :INFO :Logs.Log :********************Test  Revenue Ended********************************
2021-11-02 14:27:01,351 :INFO :Logs.Log :********************verifying TOTAL_TRANSACTIONS2018 Test********************************
2021-11-02 14:29:05,380 :INFO :Logs.Log :********************Test  Revenue Ended********************************
2021-11-02 14:29:40,888 :INFO :Logs.Log :********************Test  Revenue Ended********************************
2021-11-02 14:30:16,434 :INFO :Logs.Log :********************Test  Revenue Ended********************************
2021-11-02 14:30:51,965 :INFO :Logs.Log :********************Test  Revenue Ended********************************
2021-11-02 14:30:53,394 :INFO :Logs.Log :********************verifying TOTAL_PAYMENTS2018 Test********************************
2021-11-02 14:32:49,034 :INFO :Logs.Log :********************Test  Revenue Ended********************************
2021-11-02 14:33:24,567 :INFO :Logs.Log :********************Test  Revenue Ended********************************
2021-11-02 14:34:00,121 :INFO :Logs.Log :********************Test  Revenue Ended********************************
2021-11-02 14:34:35,663 :INFO :Logs.Log :********************Test  Revenue Ended********************************
2021-11-02 14:34:37,108 :INFO :Logs.Log :********************verifying LEGAL_ACTIONS2018 Test********************************
2021-11-02 14:36:36,855 :INFO :Logs.Log :********************Test  Revenue Ended********************************
2021-11-02 14:37:12,411 :INFO :Logs.Log :********************Test  Revenue Ended********************************
2021-11-02 14:37:47,920 :INFO :Logs.Log :********************Test  Revenue Ended********************************
2021-11-02 14:38:23,478 :INFO :Logs.Log :********************Test  Revenue Ended********************************
2021-11-02 14:38:24,895 :INFO :Logs.Log :********************verifying Data2018 Test********************************
2021-11-02 14:38:47,836 :INFO :Logs.Log :********************verifying Data2019 Test********************************
2021-11-02 14:39:03,041 :INFO :Logs.Log :********************verifying Data2020 Test********************************
2021-11-02 14:41:27,378 :INFO :Logs.Log :********************verifying Homepage Test********************************
2021-11-02 14:42:30,135 :INFO :Logs.Log :********************Test  CommunityHomepage Passed********************************
2021-11-02 14:42:31,823 :INFO :Logs.Log :********************verifying SelectYear2018 Test********************************
2021-11-02 14:44:18,575 :INFO :Logs.Log :********************verifying Revenue2018 Test********************************
2021-11-02 14:46:18,225 :INFO :Logs.Log :********************Test  Revenue Ended********************************
2021-11-02 14:46:53,732 :INFO :Logs.Log :********************Test  Revenue Ended********************************
2021-11-02 14:47:29,281 :INFO :Logs.Log :********************Test  Revenue Ended********************************
2021-11-02 14:48:04,794 :INFO :Logs.Log :********************Test  Revenue Ended********************************
2021-11-02 14:48:06,186 :INFO :Logs.Log :********************verifying TOTAL_TRANSACTIONS2018 Test********************************
2021-11-02 14:50:04,605 :INFO :Logs.Log :********************Test  Revenue Ended********************************
2021-11-02 14:50:40,134 :INFO :Logs.Log :********************Test  Revenue Ended********************************
2021-11-02 14:51:15,622 :INFO :Logs.Log :********************Test  Revenue Ended********************************
2021-11-02 14:51:51,141 :INFO :Logs.Log :********************Test  Revenue Ended********************************
2021-11-02 14:51:52,573 :INFO :Logs.Log :********************verifying TOTAL_PAYMENTS2018 Test********************************
2021-11-02 14:53:45,442 :INFO :Logs.Log :********************Test  Revenue Ended********************************
2021-11-02 14:54:20,992 :INFO :Logs.Log :********************Test  Revenue Ended********************************
2021-11-02 14:54:56,513 :INFO :Logs.Log :********************Test  Revenue Ended********************************
2021-11-02 14:55:32,047 :INFO :Logs.Log :********************Test  Revenue Ended********************************
2021-11-02 14:55:33,511 :INFO :Logs.Log :********************verifying LEGAL_ACTIONS2018 Test********************************
2021-11-02 14:57:30,900 :INFO :Logs.Log :********************Test  Revenue Ended********************************
2021-11-02 14:58:06,452 :INFO :Logs.Log :********************Test  Revenue Ended********************************
2021-11-02 14:58:41,941 :INFO :Logs.Log :********************Test  Revenue Ended********************************
2021-11-02 14:59:17,494 :INFO :Logs.Log :********************Test  Revenue Ended********************************
2021-11-02 15:04:09,484 :INFO :Logs.Log :********************verifying Homepage Test********************************
2021-11-02 15:05:06,396 :INFO :Logs.Log :********************verifying SelectYear2018 Test********************************
2021-11-02 15:06:34,594 :INFO :Logs.Log :********************verifying Homepage Test********************************
2021-11-02 15:07:38,758 :INFO :Logs.Log :********************Test DeaconessHomepage Passed********************************
2021-11-02 15:07:40,425 :INFO :Logs.Log :********************verifying SelectYear2018 Test********************************
2021-11-02 15:09:16,205 :INFO :Logs.Log :********************verifying Revenue2018 Test********************************
2021-11-02 15:11:15,963 :INFO :Logs.Log :********************Test  Revenue Ended********************************
2021-11-02 15:11:51,687 :INFO :Logs.Log :********************Test  Revenue Ended********************************
2021-11-02 15:12:27,414 :INFO :Logs.Log :********************Test  Revenue Ended********************************
2021-11-02 15:13:03,014 :INFO :Logs.Log :********************Test  Revenue Ended********************************
2021-11-02 15:13:04,447 :INFO :Logs.Log :********************verifying TOTAL_TRANSACTIONS2018 Test********************************
2021-11-02 15:15:06,644 :INFO :Logs.Log :********************Test  Revenue Ended********************************
2021-11-02 15:15:42,341 :INFO :Logs.Log :********************Test  Revenue Ended********************************
2021-11-02 15:16:18,053 :INFO :Logs.Log :********************Test  Revenue Ended********************************
2021-11-02 15:16:53,638 :INFO :Logs.Log :********************Test  Revenue Ended********************************
2021-11-02 15:16:55,076 :INFO :Logs.Log :********************verifying TOTAL_PAYMENTS2018 Test********************************
2021-11-02 15:19:28,008 :INFO :Logs.Log :********************Test  Revenue Ended********************************
2021-11-02 15:20:03,741 :INFO :Logs.Log :********************Test  Revenue Ended********************************
2021-11-02 15:20:39,486 :INFO :Logs.Log :********************Test  Revenue Ended********************************
2021-11-02 15:21:15,092 :INFO :Logs.Log :********************Test  Revenue Ended********************************
2021-11-02 15:21:16,507 :INFO :Logs.Log :********************verifying LEGAL_ACTIONS2018 Test********************************
2021-11-02 15:24:33,020 :INFO :Logs.Log :********************Test  Revenue Ended********************************
2021-11-02 15:25:08,619 :INFO :Logs.Log :********************Test  Revenue Ended********************************
2021-11-02 15:27:22,380 :INFO :Logs.Log :********************verifying Homepage Test********************************
2021-11-02 15:27:57,642 :INFO :Logs.Log :********************verifying SelectYear2018 Test********************************
2021-11-02 15:28:46,564 :INFO :Logs.Log :********************verifying Homepage Test********************************
2021-11-02 15:29:54,547 :INFO :Logs.Log :********************Test FloydHomepage Passed********************************
2021-11-02 15:29:55,980 :INFO :Logs.Log :********************verifying SelectYear2018 Test********************************
2021-11-02 15:31:35,667 :INFO :Logs.Log :********************verifying Revenue2018 Test********************************
2021-11-02 15:32:31,491 :INFO :Logs.Log :********************verifying TOTAL_TRANSACTIONS2018 Test********************************
2021-11-02 15:34:38,985 :INFO :Logs.Log :********************Test  Revenue Ended********************************
2021-11-02 15:36:37,886 :INFO :Logs.Log :********************verifying Homepage Test********************************
2021-11-02 15:37:53,845 :INFO :Logs.Log :********************Test FloydHomepage Passed********************************
2021-11-02 15:37:55,267 :INFO :Logs.Log :********************verifying SelectYear2018 Test********************************
2021-11-02 15:40:04,491 :INFO :Logs.Log :********************verifying Revenue2018 Test********************************
2021-11-02 15:42:41,318 :INFO :Logs.Log :********************Test  Revenue Ended********************************
2021-11-02 15:43:16,934 :INFO :Logs.Log :********************Test  Revenue Ended********************************
2021-11-02 15:43:52,559 :INFO :Logs.Log :********************Test  Revenue Ended********************************
2021-11-02 15:44:28,187 :INFO :Logs.Log :********************Test  Revenue Ended********************************
2021-11-02 15:44:29,600 :INFO :Logs.Log :********************verifying TOTAL_TRANSACTIONS2018 Test********************************
2021-11-02 15:46:52,959 :INFO :Logs.Log :********************Test  Revenue Ended********************************
2021-11-02 15:47:28,603 :INFO :Logs.Log :********************Test  Revenue Ended********************************
2021-11-02 15:48:04,229 :INFO :Logs.Log :********************Test  Revenue Ended********************************
2021-11-02 15:48:39,853 :INFO :Logs.Log :********************Test  Revenue Ended********************************
2021-11-02 15:48:41,264 :INFO :Logs.Log :********************verifying TOTAL_PAYMENTS2018 Test********************************
2021-11-02 15:51:40,685 :INFO :Logs.Log :********************Test  Revenue Ended********************************
2021-11-02 15:52:16,324 :INFO :Logs.Log :********************Test  Revenue Ended********************************
2021-11-02 15:52:51,941 :INFO :Logs.Log :********************Test  Revenue Ended********************************
2021-11-02 15:53:27,604 :INFO :Logs.Log :********************Test  Revenue Ended********************************
2021-11-02 15:53:29,033 :INFO :Logs.Log :********************verifying LEGAL_ACTIONS2018 Test********************************
2021-11-02 15:55:52,465 :INFO :Logs.Log :********************Test  Revenue Ended********************************
2021-11-02 15:56:28,118 :INFO :Logs.Log :********************Test  Revenue Ended********************************
2021-11-02 15:57:03,764 :INFO :Logs.Log :********************Test  Revenue Ended********************************
2021-11-02 15:57:39,408 :INFO :Logs.Log :********************Test  Revenue Ended********************************
2021-11-02 16:00:41,287 :INFO :Logs.Log :********************verifying Homepage Test********************************
2021-11-02 16:01:40,208 :INFO :Logs.Log :********************Test GoshenHomepage Passed********************************
2021-11-02 16:01:41,831 :INFO :Logs.Log :********************verifying SelectYear2018 Test********************************
2021-11-02 16:03:45,932 :INFO :Logs.Log :********************verifying Revenue2018 Test********************************
2021-11-02 16:06:19,169 :INFO :Logs.Log :********************Test  Revenue Ended********************************
2021-11-02 16:06:54,814 :INFO :Logs.Log :********************Test  Revenue Ended********************************
2021-11-02 16:07:30,463 :INFO :Logs.Log :********************Test  Revenue Ended********************************
2021-11-02 16:08:06,079 :INFO :Logs.Log :********************Test  Revenue Ended********************************
2021-11-02 16:08:07,530 :INFO :Logs.Log :********************verifying TOTAL_TRANSACTIONS2018 Test********************************
2021-11-02 16:10:31,685 :INFO :Logs.Log :********************Test  Revenue Ended********************************
2021-11-02 16:11:07,297 :INFO :Logs.Log :********************Test  Revenue Ended********************************
2021-11-02 16:11:42,919 :INFO :Logs.Log :********************Test  Revenue Ended********************************
2021-11-02 16:12:18,493 :INFO :Logs.Log :********************Test  Revenue Ended********************************
2021-11-02 16:12:19,898 :INFO :Logs.Log :********************verifying TOTAL_PAYMENTS2018 Test********************************
2021-11-02 16:14:41,691 :INFO :Logs.Log :********************Test  Revenue Ended********************************
2021-11-02 16:15:17,316 :INFO :Logs.Log :********************Test  Revenue Ended********************************
2021-11-02 16:15:52,955 :INFO :Logs.Log :********************Test  Revenue Ended********************************
2021-11-02 16:16:28,580 :INFO :Logs.Log :********************Test  Revenue Ended********************************
2021-11-02 16:16:30,057 :INFO :Logs.Log :********************verifying LEGAL_ACTIONS2018 Test********************************
2021-11-02 16:18:43,714 :INFO :Logs.Log :********************Test  Revenue Ended********************************
2021-11-02 16:19:19,335 :INFO :Logs.Log :********************Test  Revenue Ended********************************
2021-11-02 16:19:54,976 :INFO :Logs.Log :********************Test  Revenue Ended********************************
2021-11-02 16:20:30,618 :INFO :Logs.Log :********************Test  Revenue Ended********************************
2021-11-02 16:24:03,183 :INFO :Logs.Log :********************verifying Homepage Test********************************
2021-11-02 16:25:20,898 :INFO :Logs.Log :********************Test Group_not_knownHomepage Passed********************************
2021-11-02 16:25:22,595 :INFO :Logs.Log :********************verifying SelectYear2018 Test********************************
2021-11-02 16:27:27,290 :INFO :Logs.Log :********************verifying Revenue2018 Test********************************
2021-11-02 16:31:31,082 :INFO :Logs.Log :********************verifying TOTAL_TRANSACTIONS2018 Test********************************
2021-11-02 16:35:34,962 :INFO :Logs.Log :********************verifying TOTAL_PAYMENTS2018 Test********************************
2021-11-02 16:39:48,529 :INFO :Logs.Log :********************verifying LEGAL_ACTIONS2018 Test********************************
2021-11-02 16:46:34,498 :INFO :Logs.Log :********************verifying Homepage Test********************************
2021-11-02 16:46:57,024 :INFO :Logs.Log :********************verifying SelectYear2018 Test********************************
2021-11-02 16:48:46,574 :INFO :Logs.Log :********************verifying Revenue2018 Test********************************
2021-11-02 16:51:44,572 :INFO :Logs.Log :********************Test  Revenue Ended********************************
2021-11-02 16:52:20,247 :INFO :Logs.Log :********************Test  Revenue Ended********************************
2021-11-02 16:52:55,881 :INFO :Logs.Log :********************Test  Revenue Ended********************************
2021-11-02 16:53:31,568 :INFO :Logs.Log :********************Test  Revenue Ended********************************
2021-11-02 16:53:33,030 :INFO :Logs.Log :********************verifying TOTAL_TRANSACTIONS2018 Test********************************
2021-11-02 16:55:36,782 :INFO :Logs.Log :********************Test  Revenue Ended********************************
2021-11-02 16:56:12,391 :INFO :Logs.Log :********************Test  Revenue Ended********************************
2021-11-02 16:56:48,026 :INFO :Logs.Log :********************Test  Revenue Ended********************************
2021-11-02 16:57:25,532 :INFO :Logs.Log :********************verifying TOTAL_PAYMENTS2018 Test********************************
2021-11-02 16:57:47,940 :INFO :Logs.Log :********************verifying LEGAL_ACTIONS2018 Test********************************
2021-11-02 17:01:50,786 :INFO :Logs.Log :********************verifying Homepage Test********************************
2021-11-02 17:02:43,379 :INFO :Logs.Log :********************verifying SelectYear2018 Test********************************
2021-11-02 17:04:21,370 :INFO :Logs.Log :********************verifying Revenue2018 Test********************************
2021-11-02 17:06:20,535 :INFO :Logs.Log :********************Test  Revenue Ended********************************
2021-11-02 17:06:56,177 :INFO :Logs.Log :********************Test  Revenue Ended********************************
2021-11-02 17:07:31,807 :INFO :Logs.Log :********************Test  Revenue Ended********************************
2021-11-02 17:08:07,438 :INFO :Logs.Log :********************Test  Revenue Ended********************************
2021-11-02 17:08:08,915 :INFO :Logs.Log :********************verifying TOTAL_TRANSACTIONS2018 Test********************************
2021-11-02 17:10:07,598 :INFO :Logs.Log :********************Test  Revenue Ended********************************
2021-11-02 17:10:43,213 :INFO :Logs.Log :********************Test  Revenue Ended********************************
2021-11-02 17:11:18,821 :INFO :Logs.Log :********************Test  Revenue Ended********************************
2021-11-02 17:11:54,442 :INFO :Logs.Log :********************Test  Revenue Ended********************************
2021-11-02 17:11:55,857 :INFO :Logs.Log :********************verifying TOTAL_PAYMENTS2018 Test********************************
2021-11-02 17:14:01,546 :INFO :Logs.Log :********************Test  Revenue Ended********************************
2021-11-02 17:14:37,161 :INFO :Logs.Log :********************Test  Revenue Ended********************************
2021-11-02 17:15:12,789 :INFO :Logs.Log :********************Test  Revenue Ended********************************
2021-11-02 17:15:48,429 :INFO :Logs.Log :********************Test  Revenue Ended********************************
2021-11-02 17:15:49,855 :INFO :Logs.Log :********************verifying LEGAL_ACTIONS2018 Test********************************
2021-11-02 17:17:51,109 :INFO :Logs.Log :********************Test  Revenue Ended********************************
2021-11-02 17:18:26,758 :INFO :Logs.Log :********************Test  Revenue Ended********************************
2021-11-02 17:19:02,395 :INFO :Logs.Log :********************Test  Revenue Ended********************************
2021-11-02 17:19:38,017 :INFO :Logs.Log :********************Test  Revenue Ended********************************
2021-11-02 17:19:39,449 :INFO :Logs.Log :********************verifying Data2018 Test********************************
2021-11-02 17:19:58,509 :INFO :Logs.Log :********************verifying Data2019 Test********************************
2021-11-02 17:20:17,515 :INFO :Logs.Log :********************verifying Data2020 Test********************************
2021-11-02 17:20:37,372 :INFO :Logs.Log :********************verifying Data2021 Test********************************
2021-11-02 17:22:37,224 :INFO :Logs.Log :********************verifying Homepage Test********************************
2021-11-02 17:23:59,502 :INFO :Logs.Log :********************Test HarrisHomepage Passed********************************
2021-11-02 17:24:01,305 :INFO :Logs.Log :********************verifying SelectYear2018 Test********************************
2021-11-02 17:25:52,215 :INFO :Logs.Log :********************verifying Revenue2018 Test********************************
2021-11-02 17:27:49,555 :INFO :Logs.Log :********************Test  Revenue Ended********************************
2021-11-02 17:28:25,159 :INFO :Logs.Log :********************Test  Revenue Ended********************************
2021-11-02 17:29:00,776 :INFO :Logs.Log :********************Test  Revenue Ended********************************
2021-11-02 17:29:36,417 :INFO :Logs.Log :********************Test  Revenue Ended********************************
2021-11-02 17:29:38,006 :INFO :Logs.Log :********************verifying TOTAL_TRANSACTIONS2018 Test********************************
2021-11-02 17:31:46,926 :INFO :Logs.Log :********************Test  Revenue Ended********************************
2021-11-02 17:32:22,528 :INFO :Logs.Log :********************Test  Revenue Ended********************************
2021-11-02 17:32:58,161 :INFO :Logs.Log :********************Test  Revenue Ended********************************
2021-11-02 17:33:33,762 :INFO :Logs.Log :********************Test  Revenue Ended********************************
2021-11-02 17:33:35,172 :INFO :Logs.Log :********************verifying TOTAL_PAYMENTS2018 Test********************************
2021-11-02 17:35:33,401 :INFO :Logs.Log :********************Test  Revenue Ended********************************
2021-11-02 17:36:09,028 :INFO :Logs.Log :********************Test  Revenue Ended********************************
2021-11-02 17:36:44,647 :INFO :Logs.Log :********************Test  Revenue Ended********************************
2021-11-02 17:37:20,269 :INFO :Logs.Log :********************Test  Revenue Ended********************************
2021-11-02 17:37:21,701 :INFO :Logs.Log :********************verifying LEGAL_ACTIONS2018 Test********************************
2021-11-02 17:39:27,510 :INFO :Logs.Log :********************Test  Revenue Ended********************************
2021-11-02 17:40:03,144 :INFO :Logs.Log :********************Test  Revenue Ended********************************
2021-11-02 17:40:38,773 :INFO :Logs.Log :********************Test  Revenue Ended********************************
2021-11-02 17:41:14,388 :INFO :Logs.Log :********************Test  Revenue Ended********************************
2021-11-02 17:44:16,647 :INFO :Logs.Log :********************verifying Homepage Test********************************
2021-11-02 17:45:21,533 :INFO :Logs.Log :********************Test HchphyHomepage Passed********************************
2021-11-02 17:45:23,152 :INFO :Logs.Log :********************verifying SelectYear2018 Test********************************
2021-11-02 17:47:12,133 :INFO :Logs.Log :********************verifying Revenue2018 Test********************************
2021-11-02 17:49:55,100 :INFO :Logs.Log :********************Test  Revenue Ended********************************
2021-11-02 17:50:30,736 :INFO :Logs.Log :********************Test  Revenue Ended********************************
2021-11-02 17:51:06,372 :INFO :Logs.Log :********************Test  Revenue Ended********************************
2021-11-02 17:51:41,995 :INFO :Logs.Log :********************Test  Revenue Ended********************************
2021-11-02 17:51:43,438 :INFO :Logs.Log :********************verifying TOTAL_TRANSACTIONS2018 Test********************************
2021-11-02 17:54:07,302 :INFO :Logs.Log :********************Test  Revenue Ended********************************
2021-11-02 17:54:42,941 :INFO :Logs.Log :********************Test  Revenue Ended********************************
2021-11-02 17:55:18,579 :INFO :Logs.Log :********************Test  Revenue Ended********************************
2021-11-02 17:55:54,199 :INFO :Logs.Log :********************Test  Revenue Ended********************************
2021-11-02 17:55:55,605 :INFO :Logs.Log :********************verifying TOTAL_PAYMENTS2018 Test********************************
2021-11-02 17:58:24,408 :INFO :Logs.Log :********************Test  Revenue Ended********************************
2021-11-02 17:59:00,044 :INFO :Logs.Log :********************Test  Revenue Ended********************************
2021-11-02 17:59:35,696 :INFO :Logs.Log :********************Test  Revenue Ended********************************
2021-11-02 18:00:11,336 :INFO :Logs.Log :********************Test  Revenue Ended********************************
2021-11-02 18:00:12,801 :INFO :Logs.Log :********************verifying LEGAL_ACTIONS2018 Test********************************
2021-11-02 18:02:22,605 :INFO :Logs.Log :********************Test  Revenue Ended********************************
2021-11-02 18:02:58,237 :INFO :Logs.Log :********************Test  Revenue Ended********************************
2021-11-02 18:03:33,947 :INFO :Logs.Log :********************Test  Revenue Ended********************************
2021-11-02 18:04:09,569 :INFO :Logs.Log :********************Test  Revenue Ended********************************
2021-11-02 18:06:06,185 :INFO :Logs.Log :********************verifying Homepage Test********************************
2021-11-02 18:09:41,835 :INFO :Logs.Log :********************verifying SelectYear2018 Test********************************
2021-11-02 18:11:32,008 :INFO :Logs.Log :********************verifying Revenue2018 Test********************************
2021-11-02 18:12:46,859 :INFO :Logs.Log :********************verifying Homepage Test********************************
2021-11-02 18:14:05,361 :INFO :Logs.Log :********************Test JasperHomepage Passed********************************
2021-11-02 18:14:06,973 :INFO :Logs.Log :********************verifying SelectYear2018 Test********************************
2021-11-02 18:16:06,169 :INFO :Logs.Log :********************verifying Revenue2018 Test********************************
2021-11-02 18:18:41,007 :INFO :Logs.Log :********************Test  Revenue Ended********************************
2021-11-02 18:19:16,644 :INFO :Logs.Log :********************Test  Revenue Ended********************************
2021-11-02 18:19:52,234 :INFO :Logs.Log :********************Test  Revenue Ended********************************
2021-11-02 18:20:27,781 :INFO :Logs.Log :********************Test  Revenue Ended********************************
2021-11-02 18:20:29,258 :INFO :Logs.Log :********************verifying TOTAL_TRANSACTIONS2018 Test********************************
2021-11-02 18:22:51,649 :INFO :Logs.Log :********************Test  Revenue Ended********************************
2021-11-02 18:23:27,382 :INFO :Logs.Log :********************Test  Revenue Ended********************************
2021-11-02 18:24:03,134 :INFO :Logs.Log :********************Test  Revenue Ended********************************
2021-11-02 18:24:38,777 :INFO :Logs.Log :********************Test  Revenue Ended********************************
2021-11-02 18:24:40,325 :INFO :Logs.Log :********************verifying TOTAL_PAYMENTS2018 Test********************************
2021-11-02 18:27:08,731 :INFO :Logs.Log :********************Test  Revenue Ended********************************
2021-11-02 18:28:57,444 :INFO :Logs.Log :********************verifying LEGAL_ACTIONS2018 Test********************************
2021-11-02 18:32:00,759 :INFO :Logs.Log :********************Test  Revenue Ended********************************
2021-11-02 18:33:12,887 :INFO :Logs.Log :********************Test  Revenue Ended********************************
2021-11-02 18:33:48,589 :INFO :Logs.Log :********************Test  Revenue Ended********************************
2021-11-03 12:29:48,723 :INFO :Logs.Log :***********************Test_001_Login*****************************
2021-11-03 12:29:48,724 :INFO :Logs.Log :********************Test Login Ended********************************
2021-11-03 12:30:09,539 :INFO :Logs.Log :********************Test  Login Ended********************************
2021-11-03 12:30:10,985 :INFO :Logs.Log :********************verifying Login Test********************************
2021-11-03 12:30:29,737 :INFO :Logs.Log :********************Login Test passed********************************
2021-11-03 12:30:31,887 :INFO :Logs.Log :********************verifying Login Test********************************
2021-11-03 12:30:52,520 :INFO :Logs.Log :********************verifying Login Test********************************
2021-11-03 12:31:09,565 :INFO :Logs.Log :********************verifying Login Test********************************
2021-11-03 12:38:02,221 :INFO :Logs.Log :***********************Test_001_Login*****************************
2021-11-03 12:38:02,222 :INFO :Logs.Log :********************Test Login Ended********************************
2021-11-03 12:38:19,857 :INFO :Logs.Log :********************Test  Login Ended********************************
2021-11-03 12:38:21,285 :INFO :Logs.Log :********************verifying Login Test********************************
2021-11-03 12:38:42,286 :INFO :Logs.Log :********************verifying Login Test********************************
2021-11-03 12:39:03,036 :INFO :Logs.Log :********************verifying Login Test********************************
2021-11-03 12:39:23,896 :INFO :Logs.Log :********************verifying Login Test********************************
2021-11-03 12:39:44,264 :INFO :Logs.Log :********************verifying Login Test********************************
2021-11-03 12:40:50,384 :INFO :Logs.Log :***********************Test_001_Login*****************************
2021-11-03 12:40:50,384 :INFO :Logs.Log :********************Test Login Ended********************************
2021-11-03 12:41:33,301 :INFO :Logs.Log :********************Test  Login Ended********************************
2021-11-03 12:41:34,743 :INFO :Logs.Log :********************verifying Login Test********************************
2021-11-03 12:41:54,519 :INFO :Logs.Log :********************verifying Login Test********************************
2021-11-03 14:51:46,223 :INFO :Logs.Log :***********************Test_001_Login*****************************
2021-11-03 14:51:46,223 :INFO :Logs.Log :********************Test Login Ended********************************
2021-11-03 14:51:49,977 :INFO :Logs.Log :********************verifying Login Test********************************
2021-11-03 14:51:53,583 :INFO :Logs.Log :********************verifying Login Test********************************
2021-11-03 14:52:38,844 :INFO :Logs.Log :***********************Test_001_Login*****************************
2021-11-03 14:52:38,845 :INFO :Logs.Log :********************Test Login Ended********************************
2021-11-03 14:52:58,572 :INFO :Logs.Log :********************Test  Login Ended********************************
2021-11-03 14:52:59,973 :INFO :Logs.Log :********************verifying Login Test********************************
2021-11-03 14:53:55,295 :INFO :Logs.Log :********************Test  Login Ended********************************
2021-11-03 14:53:55,365 :INFO :Logs.Log :********************Login Test passed********************************
2021-11-03 14:53:56,809 :INFO :Logs.Log :********************verifying Login Test********************************
2021-11-03 14:54:18,253 :INFO :Logs.Log :********************verifying Login Test********************************
2021-11-03 14:54:41,558 :INFO :Logs.Log :********************verifying Login Test********************************
2021-11-03 14:56:42,524 :INFO :Logs.Log :***********************Test_001_Login*****************************
2021-11-03 14:56:42,525 :INFO :Logs.Log :********************Test Login Ended********************************
2021-11-03 14:57:00,122 :INFO :Logs.Log :********************Test  Login Ended********************************
2021-11-03 14:57:01,561 :INFO :Logs.Log :********************verifying Login Test********************************
2021-11-03 14:57:54,619 :INFO :Logs.Log :********************Test  Login Ended********************************
2021-11-03 14:57:54,693 :INFO :Logs.Log :********************Login Test passed********************************
2021-11-03 14:57:56,109 :INFO :Logs.Log :********************verifying Login Test********************************
2021-11-03 14:58:49,489 :INFO :Logs.Log :********************Test  Login Ended********************************
2021-11-03 14:58:49,555 :INFO :Logs.Log :********************Login Test passed********************************
2021-11-03 14:58:50,962 :INFO :Logs.Log :********************verifying Login Test********************************
2021-11-03 14:59:41,406 :INFO :Logs.Log :********************Test  Login Ended********************************
2021-11-03 14:59:41,471 :INFO :Logs.Log :********************Login Test passed********************************
2021-11-03 14:59:42,947 :INFO :Logs.Log :********************verifying Login Test********************************
2021-11-03 15:00:51,501 :INFO :Logs.Log :***********************Test_001_Login*****************************
2021-11-03 15:00:51,501 :INFO :Logs.Log :********************Test Login Ended********************************
2021-11-03 15:01:08,334 :INFO :Logs.Log :********************Test  Login Ended********************************
2021-11-03 15:01:09,755 :INFO :Logs.Log :********************verifying Login Test********************************
2021-11-03 15:01:59,794 :INFO :Logs.Log :********************Test  Login Ended********************************
2021-11-03 15:01:59,862 :INFO :Logs.Log :********************Login Test passed********************************
2021-11-03 15:02:01,258 :INFO :Logs.Log :********************verifying Login Test********************************
2021-11-03 15:02:53,192 :INFO :Logs.Log :********************Test  Login Ended********************************
2021-11-03 15:02:53,262 :INFO :Logs.Log :********************Login Test passed********************************
2021-11-03 15:02:54,722 :INFO :Logs.Log :********************verifying Login Test********************************
2021-11-03 15:03:45,103 :INFO :Logs.Log :********************Test  Login Ended********************************
2021-11-03 15:03:45,169 :INFO :Logs.Log :********************Login Test passed********************************
2021-11-03 15:03:46,568 :INFO :Logs.Log :********************verifying Login Test********************************
2021-11-03 15:04:38,249 :INFO :Logs.Log :********************verifying Login Test********************************
2021-11-03 15:05:33,469 :INFO :Logs.Log :********************Login Test passed********************************
2021-11-03 15:05:34,965 :INFO :Logs.Log :********************verifying Login Test********************************
2021-11-03 15:06:32,353 :INFO :Logs.Log :********************Login Test passed********************************
2021-11-03 15:08:18,324 :INFO :Logs.Log :***********************Test_001_Login*****************************
2021-11-03 15:08:18,325 :INFO :Logs.Log :********************Test Login Ended********************************
2021-11-03 15:08:33,187 :INFO :Logs.Log :********************Test  Login Ended********************************
2021-11-03 15:08:34,637 :INFO :Logs.Log :********************verifying Login Test********************************
2021-11-03 15:09:26,609 :INFO :Logs.Log :********************Test  Login Ended********************************
2021-11-03 15:09:26,679 :INFO :Logs.Log :********************Login Test passed********************************
2021-11-03 15:09:28,187 :INFO :Logs.Log :********************verifying Login Test********************************
2021-11-03 15:10:20,885 :INFO :Logs.Log :********************Test  Login Ended********************************
2021-11-03 15:10:20,953 :INFO :Logs.Log :********************Login Test passed********************************
2021-11-03 15:10:22,377 :INFO :Logs.Log :********************verifying Login Test********************************
2021-11-03 15:11:12,828 :INFO :Logs.Log :********************Test  Login Ended********************************
2021-11-03 15:11:12,898 :INFO :Logs.Log :********************Login Test passed********************************
2021-11-03 15:11:14,328 :INFO :Logs.Log :********************verifying Login Test********************************
2021-11-03 15:12:07,217 :INFO :Logs.Log :********************Login Test passed********************************
2021-11-03 15:12:08,685 :INFO :Logs.Log :********************verifying Login Test********************************
2021-11-03 15:13:07,469 :INFO :Logs.Log :********************Login Test passed********************************
2021-11-03 15:13:08,997 :INFO :Logs.Log :********************verifying Login Test********************************
2021-11-03 15:14:54,362 :INFO :Logs.Log :***********************Test_001_Login*****************************
2021-11-03 15:14:54,363 :INFO :Logs.Log :********************Test Login Ended********************************
2021-11-03 15:15:11,268 :INFO :Logs.Log :********************Test  Login Ended********************************
2021-11-03 15:15:12,688 :INFO :Logs.Log :********************verifying Login Test********************************
2021-11-03 15:16:05,713 :INFO :Logs.Log :********************Test  Login Ended********************************
2021-11-03 15:16:05,784 :INFO :Logs.Log :********************Login Test passed********************************
2021-11-03 15:16:07,193 :INFO :Logs.Log :********************verifying Login Test********************************
2021-11-03 15:16:56,486 :INFO :Logs.Log :********************Test  Login Ended********************************
2021-11-03 15:16:56,551 :INFO :Logs.Log :********************Login Test passed********************************
2021-11-03 15:16:57,985 :INFO :Logs.Log :********************verifying Login Test********************************
2021-11-03 15:17:52,278 :INFO :Logs.Log :********************Test  Login Ended********************************
2021-11-03 15:17:52,349 :INFO :Logs.Log :********************Login Test passed********************************
2021-11-03 15:17:53,747 :INFO :Logs.Log :********************verifying Login Test********************************
2021-11-03 15:18:48,821 :INFO :Logs.Log :********************Login Test passed********************************
2021-11-03 15:18:50,292 :INFO :Logs.Log :********************verifying Login Test********************************
2021-11-03 15:19:43,441 :INFO :Logs.Log :********************Login Test passed********************************
2021-11-03 15:19:44,941 :INFO :Logs.Log :********************verifying Login Test********************************
2021-11-03 15:20:36,841 :INFO :Logs.Log :********************Login Test passed********************************
2021-11-03 15:33:31,442 :INFO :Logs.Log :********************verifying ColumbHomepage Test********************************
2021-11-03 15:40:49,688 :INFO :Logs.Log :********************verifying ColumbHomepage Test********************************
2021-11-03 15:43:18,705 :INFO :Logs.Log :********************verifying ColumbHomepage Test********************************
2021-11-03 15:44:22,774 :INFO :Logs.Log :********************Test  ColumbHomepage Passed********************************
2021-11-03 15:46:18,774 :INFO :Logs.Log :********************verifying ColumbHomepage Test********************************
2021-11-03 15:47:19,379 :INFO :Logs.Log :********************Test  ColumbHomepage Passed********************************
2021-11-03 15:48:05,533 :INFO :Logs.Log :********************verifying ColumbHomepage Test********************************
2021-11-03 15:49:42,619 :INFO :Logs.Log :********************Test  ColumbHomepage Passed********************************
2021-11-03 16:01:02,369 :INFO :Logs.Log :********************verifying ColumbHomepage Test********************************
2021-11-03 16:03:19,730 :INFO :Logs.Log :********************ColumbHomepage Test ended********************************
2021-11-03 16:10:35,180 :INFO :Logs.Log :********************verifying Login Test********************************
2021-11-03 16:12:13,244 :INFO :Logs.Log :********************Test  Logout Ended********************************
2021-11-04 11:35:39,736 :INFO :Logs.Log :********************verifying Login Test********************************
2021-11-04 11:38:12,201 :INFO :Logs.Log :********************verifying Login Test********************************
2021-11-10 15:35:18,979 :INFO :Logs.Log :***********************Test_001_Login*****************************
2021-11-10 15:35:19,151 :INFO :Logs.Log :********************Test Login Ended********************************
2021-11-10 15:35:34,382 :INFO :Logs.Log :********************Test  Login Ended********************************
2021-11-10 15:35:35,859 :INFO :Logs.Log :********************verifying Login Test********************************
2021-11-10 15:36:04,290 :INFO :Logs.Log :********************verifying Login Test********************************
2021-11-10 15:43:29,945 :INFO :Logs.Log :***********************Test_001_Login*****************************
2021-11-10 15:43:29,947 :INFO :Logs.Log :********************Test Login Ended********************************
2021-11-10 15:43:53,575 :INFO :Logs.Log :********************Test  Login Ended********************************
2021-11-10 15:43:54,996 :INFO :Logs.Log :********************verifying Login Test********************************
2021-11-10 15:44:15,801 :INFO :Logs.Log :********************verifying Login Test********************************
2021-11-10 15:48:07,615 :INFO :Logs.Log :***********************Test_001_Login*****************************
2021-11-10 15:48:07,616 :INFO :Logs.Log :********************Test Login Ended********************************
2021-11-10 15:48:23,349 :INFO :Logs.Log :********************Test  Login Ended********************************
2021-11-10 15:48:24,781 :INFO :Logs.Log :********************verifying Login Test********************************
2021-11-10 15:49:17,632 :INFO :Logs.Log :********************Test  Login Ended********************************
2021-11-10 15:49:17,708 :INFO :Logs.Log :********************Login Test passed********************************
2021-11-10 15:49:19,130 :INFO :Logs.Log :********************verifying Login Test********************************
2021-11-10 15:49:37,600 :INFO :Logs.Log :********************verifying Login Test********************************
2021-11-10 15:50:06,616 :INFO :Logs.Log :********************verifying Login Test********************************
2021-11-10 16:06:09,148 :INFO :Logs.Log :***********************Test_001_Login*****************************
2021-11-10 16:06:09,149 :INFO :Logs.Log :********************Test Login Ended********************************
2021-11-10 16:06:33,566 :INFO :Logs.Log :********************Test  Login Ended********************************
2021-11-10 16:06:35,007 :INFO :Logs.Log :********************verifying Login Test********************************
2021-11-10 16:07:49,065 :INFO :Logs.Log :********************Test  Login Ended********************************
2021-11-10 16:07:49,135 :INFO :Logs.Log :********************Login Test passed********************************
2021-11-10 16:07:50,554 :INFO :Logs.Log :********************verifying Login Test********************************
2021-11-10 16:08:09,432 :INFO :Logs.Log :********************verifying Login Test********************************
2021-11-10 16:16:28,793 :INFO :Logs.Log :***********************Test_001_Login*****************************
2021-11-10 16:16:28,794 :INFO :Logs.Log :********************Test Login Ended********************************
2021-11-10 16:17:00,799 :INFO :Logs.Log :********************Test  Login Ended********************************
2021-11-10 16:17:02,228 :INFO :Logs.Log :********************verifying Login Test********************************
2021-11-10 16:17:55,495 :INFO :Logs.Log :********************Test  Login Ended********************************
2021-11-10 16:17:55,561 :INFO :Logs.Log :********************Login Test passed********************************
2021-11-10 16:17:56,974 :INFO :Logs.Log :********************verifying Login Test********************************
2021-11-10 16:18:52,536 :INFO :Logs.Log :********************Test  Login Ended********************************
2021-11-10 16:18:52,603 :INFO :Logs.Log :********************Login Test passed********************************
2021-11-10 16:18:54,035 :INFO :Logs.Log :********************verifying Login Test********************************
2021-11-10 16:19:47,886 :INFO :Logs.Log :********************verifying Login Test********************************
2021-11-10 16:21:37,309 :INFO :Logs.Log :***********************Test_001_Login*****************************
2021-11-10 16:21:37,309 :INFO :Logs.Log :********************Test Login Ended********************************
2021-11-10 16:22:00,251 :INFO :Logs.Log :********************Test  Login Ended********************************
2021-11-10 16:22:01,731 :INFO :Logs.Log :********************verifying Login Test********************************
2021-11-10 16:22:57,888 :INFO :Logs.Log :********************Test  Login Ended********************************
2021-11-10 16:22:57,954 :INFO :Logs.Log :********************Login Test passed********************************
2021-11-10 16:22:59,366 :INFO :Logs.Log :********************verifying Login Test********************************
2021-11-10 16:23:50,270 :INFO :Logs.Log :********************Test  Login Ended********************************
2021-11-10 16:23:50,336 :INFO :Logs.Log :********************Login Test passed********************************
2021-11-10 16:23:51,798 :INFO :Logs.Log :********************verifying Login Test********************************
2021-11-10 16:24:41,135 :INFO :Logs.Log :********************Test  Login Ended********************************
2021-11-10 16:24:41,200 :INFO :Logs.Log :********************Login Test passed********************************
2021-11-10 16:24:42,649 :INFO :Logs.Log :********************verifying Login Test********************************
2021-11-10 16:25:34,962 :INFO :Logs.Log :********************Login Test passed********************************
2021-11-10 16:25:36,482 :INFO :Logs.Log :********************verifying Login Test********************************
2021-11-10 16:26:27,874 :INFO :Logs.Log :********************Login Test passed********************************
2021-11-10 16:26:29,333 :INFO :Logs.Log :********************verifying Login Test********************************
2021-11-10 16:27:20,697 :INFO :Logs.Log :********************Login Test passed********************************
2021-11-10 17:28:11,072 :INFO :Logs.Log :********************verifying Login Test********************************
2021-11-10 17:28:51,247 :INFO :Logs.Log :********************Login Test passed********************************
2021-11-10 17:28:52,920 :INFO :Logs.Log :********************verifying Login Test********************************
2021-11-10 17:29:54,864 :INFO :Logs.Log :********************Book_To_Facs Test passed********************************
2021-11-10 17:29:56,301 :INFO :Logs.Log :********************verifying Login Test********************************
2021-11-10 17:30:57,933 :INFO :Logs.Log :********************Weekly_Reports Test passed********************************
2021-11-10 17:30:59,405 :INFO :Logs.Log :********************verifying Login Test********************************
2021-11-10 17:34:04,611 :INFO :Logs.Log :********************verifying Login Test********************************
2021-11-10 17:35:38,889 :INFO :Logs.Log :********************Login Test passed********************************
2021-11-10 17:35:40,309 :INFO :Logs.Log :********************verifying Login Test********************************
2021-11-10 17:36:35,359 :INFO :Logs.Log :********************Test Book_To_Facs Ended********************************
2021-11-10 17:36:36,784 :INFO :Logs.Log :********************verifying Login Test********************************
2021-11-10 17:38:33,989 :INFO :Logs.Log :********************verifying Login Test********************************
2021-11-10 17:39:33,903 :INFO :Logs.Log :********************Test  Homepage Ended********************************
2021-11-10 17:39:35,334 :INFO :Logs.Log :********************verifying Login Test********************************
2021-11-10 17:41:25,618 :INFO :Logs.Log :********************Book_To_Facs Test passed********************************
2021-11-10 17:41:27,125 :INFO :Logs.Log :********************verifying Login Test********************************
2021-11-10 17:43:40,123 :INFO :Logs.Log :********************Weekly_Reports Test passed********************************
2021-11-10 17:43:41,555 :INFO :Logs.Log :********************verifying Login Test********************************
2021-11-10 17:46:35,027 :INFO :Logs.Log :********************Filemanager Test passed********************************
2021-11-10 17:46:36,457 :INFO :Logs.Log :********************verifying Login Test********************************
2021-11-10 17:48:38,106 :INFO :Logs.Log :********************verifying Login Test********************************
2021-11-10 17:57:05,287 :INFO :Logs.Log :********************verifying Login Test********************************
2021-11-10 17:57:56,088 :INFO :Logs.Log :********************Test  Homepage Ended********************************
2021-11-10 17:57:58,360 :INFO :Logs.Log :********************verifying Login Test********************************
2021-11-10 17:58:57,101 :INFO :Logs.Log :********************Book_To_Facs Test passed********************************
2021-11-10 17:58:59,812 :INFO :Logs.Log :********************verifying Login Test********************************
2021-11-10 17:59:59,946 :INFO :Logs.Log :********************Weekly_Reports Test passed********************************
2021-11-10 18:00:02,144 :INFO :Logs.Log :********************verifying Login Test********************************
2021-11-10 18:01:06,917 :INFO :Logs.Log :********************Test File_Manager_page Ended********************************
2021-11-10 18:01:08,763 :INFO :Logs.Log :********************verifying Login Test********************************
2021-11-10 18:02:08,031 :INFO :Logs.Log :********************Test File_Manager_page Ended********************************
2021-11-10 18:02:09,643 :INFO :Logs.Log :********************verifying Login Test********************************
2021-11-10 18:03:13,309 :INFO :Logs.Log :********************Test  Logout Ended********************************
2021-11-11 15:21:49,764 :INFO :Logs.Log :********************verifying LEGAL_ACTIONS2018 Test********************************
2021-11-11 15:24:06,537 :INFO :Logs.Log :********************verifying Chatbot Test********************************
2021-11-11 15:26:20,460 :INFO :Logs.Log :********************verifying Chatbot Test********************************
2021-11-11 15:27:07,938 :INFO :Logs.Log :********************Test  Chatbot Ended Due to difference in the title********************************
2021-11-11 15:31:12,414 :INFO :Logs.Log :********************verifying Chatbot Test********************************
2021-11-11 15:31:58,161 :INFO :Logs.Log :********************Test  Chatbot Ended Due to difference in the title********************************
2021-11-11 15:33:13,939 :INFO :Logs.Log :********************verifying Chatbot Test********************************
2021-11-11 15:34:02,413 :INFO :Logs.Log :********************Test  Chatbot Ended Due to difference in the title********************************
2021-11-11 15:37:55,631 :INFO :Logs.Log :********************verifying Chatbot Test********************************
2021-11-11 15:55:13,679 :INFO :Logs.Log :********************verifying Chatbot Test********************************
2021-11-11 16:03:04,557 :INFO :Logs.Log :********************verifying Chatbot Test********************************
2021-11-11 16:04:01,783 :INFO :Logs.Log :********************Test  Chatbot Ended********************************
2021-11-11 16:15:35,376 :INFO :Logs.Log :********************verifying Chatbot Test********************************
2021-11-11 16:15:38,673 :INFO :Logs.Log :********************verifying ChatbotExit Test********************************
2021-11-11 16:15:55,667 :INFO :Logs.Log :********************verifying Chatbot Test********************************
2021-11-11 16:15:58,205 :INFO :Logs.Log :********************verifying ChatbotExit Test********************************
2021-11-11 16:21:45,214 :INFO :Logs.Log :********************verifying Chatbot Test********************************
2021-11-11 16:21:48,040 :INFO :Logs.Log :********************verifying ChatbotExit Test********************************
2021-11-11 16:48:34,202 :INFO :Logs.Log :********************verifying Chatbot Test********************************
2021-11-11 16:48:37,075 :INFO :Logs.Log :********************verifying ChatbotExit Test********************************
2021-11-12 16:18:17,030 :INFO :Logs.Log :********************verifying Chatbot Test********************************
2021-11-12 16:19:20,767 :INFO :Logs.Log :********************Test  Chatbot Ended********************************
2021-11-12 16:19:22,254 :INFO :Logs.Log :********************verifying ChatbotExit Test********************************
2021-11-12 16:20:27,555 :INFO :Logs.Log :********************Test  Chatbot_Exit Ended********************************
2021-11-12 17:10:46,916 :INFO :Logs.Log :********************verifying Login Test********************************
2021-11-12 17:14:23,260 :INFO :Logs.Log :********************verifying Login Test********************************
2021-11-12 17:22:45,205 :INFO :Logs.Log :********************verifying Login Test********************************
2021-11-12 17:40:18,752 :INFO :Logs.Log :********************verifying Login Test********************************
2021-11-12 17:52:54,741 :INFO :Logs.Log :********************verifying Login Test********************************
2021-11-16 11:48:24,694 :INFO :Logs.Log :********************verifying Login Test********************************
2021-11-19 16:30:00,461 :INFO :Logs.Log :********************verifying test_DashboardMenu1 Test********************************
2021-11-19 16:31:24,693 :INFO :Logs.Log :********************verifying test_DashboardMenu1 Test********************************
2021-11-19 16:38:36,236 :INFO :Logs.Log :********************verifying test_DashboardMenu1 Test********************************
2021-11-19 16:40:16,981 :INFO :Logs.Log :********************test_Propensity_score_link Ended********************************
2021-11-19 17:50:51,415 :INFO :Logs.Log :********************verifying test_DashboardMenu1 Test********************************
2021-11-19 17:53:39,104 :INFO :Logs.Log :********************verifying test_DashboardMenu1 Test********************************
2021-11-19 17:56:02,194 :INFO :Logs.Log :********************verifying test_DashboardMenu1 Test********************************
2021-11-19 18:02:40,575 :INFO :Logs.Log :********************verifying test_DashboardMenu1 Test********************************
2021-11-22 12:12:03,130 :INFO :Logs.Log :********************verifying test_DashboardMenu1 Test********************************
2021-11-22 12:15:57,482 :INFO :Logs.Log :********************verifying test_DashboardMenu1 Test********************************
2021-11-22 12:18:59,297 :INFO :Logs.Log :********************verifying test_DashboardMenu1 Test********************************
2021-11-22 12:22:49,187 :INFO :Logs.Log :********************verifying test_DashboardMenu1 Test********************************
2021-11-22 15:07:13,622 :INFO :Logs.Log :********************verifying test_DashboardMenu1 Test********************************
2021-11-22 15:09:59,139 :INFO :Logs.Log :********************verifying test_DashboardMenu1 Test********************************
2021-11-22 15:12:56,241 :INFO :Logs.Log :********************verifying test_DashboardMenu1 Test********************************
2021-11-22 15:16:45,425 :INFO :Logs.Log :********************verifying test_DashboardMenu1 Test********************************
2021-11-22 15:20:31,673 :INFO :Logs.Log :********************verifying test_DashboardMenu1 Test********************************
2021-11-22 15:23:45,651 :INFO :Logs.Log :********************verifying test_DashboardMenu1 Test********************************
2021-11-22 15:28:01,524 :INFO :Logs.Log :********************verifying test_DashboardMenu1 Test********************************
2021-11-22 15:59:29,796 :INFO :Logs.Log :********************verifying test_DashboardMenu1 Test********************************
2021-11-22 16:34:35,815 :INFO :Logs.Log :********************verifying test_DashboardMenu1 Test********************************
2021-11-22 17:05:51,653 :INFO :Logs.Log :********************verifying test_DashboardMenu1 Test********************************
2021-11-22 17:26:03,384 :INFO :Logs.Log :********************verifying test_DashboardMenu1 Test********************************
2021-11-22 17:37:37,966 :INFO :Logs.Log :********************verifying test_DashboardMenu1 Test********************************
2021-11-22 17:57:45,267 :INFO :Logs.Log :********************verifying test_DashboardMenu1 Test********************************
2021-11-23 11:11:17,301 :INFO :Logs.Log :********************verifying test_DashboardMenu1 Test********************************
2021-11-23 15:32:50,209 :INFO :Logs.Log :********************verifying test_DashboardMenu1 Test********************************
2021-11-23 15:36:39,412 :INFO :Logs.Log :********************verifying test_DashboardMenu1 Test********************************
2021-11-23 15:39:27,827 :INFO :Logs.Log :********************verifying test_DashboardMenu1 Test********************************
2021-11-23 15:49:19,297 :INFO :Logs.Log :********************verifying test_DashboardMenu1 Test********************************
2021-11-23 15:53:19,362 :INFO :Logs.Log :********************verifying test_DashboardMenu1 Test********************************
2021-11-23 15:56:45,530 :INFO :Logs.Log :********************verifying test_DashboardMenu1 Test********************************
2021-11-23 15:59:42,441 :INFO :Logs.Log :********************verifying test_DashboardMenu1 Test********************************
2021-11-23 16:01:58,169 :INFO :Logs.Log :********************verifying test_DashboardMenu1 Test********************************
2021-11-23 16:05:10,558 :INFO :Logs.Log :********************verifying test_DashboardMenu1 Test********************************
2021-11-23 16:12:04,625 :INFO :Logs.Log :********************verifying test_DashboardMenu1 Test********************************
2021-11-23 16:21:45,015 :INFO :Logs.Log :********************verifying test_DashboardMenu1 Test********************************
2021-11-23 16:24:54,882 :INFO :Logs.Log :********************verifying test_DashboardMenu1 Test********************************
2021-11-23 16:27:39,326 :INFO :Logs.Log :********************verifying test_DashboardMenu1 Test********************************
2021-11-23 16:30:40,705 :INFO :Logs.Log :********************verifying test_DashboardMenu1 Test********************************
2021-11-23 16:33:51,970 :INFO :Logs.Log :********************verifying test_DashboardMenu1 Test********************************
2021-11-23 16:38:00,739 :INFO :Logs.Log :********************verifying test_DashboardMenu1 Test********************************
2021-11-23 16:41:26,560 :INFO :Logs.Log :********************verifying test_DashboardMenu1 Test********************************
2021-11-23 17:24:08,231 :INFO :Logs.Log :********************verifying test_DashboardMenu1 Test********************************
2021-11-23 17:26:24,595 :INFO :Logs.Log :********************verifying test_DashboardMenu1 Test********************************
2021-11-23 18:03:01,384 :INFO :Logs.Log :********************verifying test_DashboardMenu1 Test********************************
2021-11-23 18:04:55,231 :INFO :Logs.Log :********************verifying test_DashboardMenu1 Test********************************
2021-11-23 18:06:56,324 :INFO :Logs.Log :********************verifying test_DashboardMenu1 Test********************************
2021-11-23 18:09:59,921 :INFO :Logs.Log :********************verifying test_DashboardMenu1 Test********************************
2021-11-23 18:11:52,271 :INFO :Logs.Log :********************verifying test_DashboardMenu1 Test********************************
2021-11-24 15:11:02,637 :INFO :Logs.Log :********************verifying test_DashboardMenu1 Test********************************
2021-11-24 15:11:28,369 :INFO :Logs.Log :********************verifying test_DashboardMenu1 Test********************************
2021-11-24 15:20:10,247 :INFO :Logs.Log :********************verifying test_DashboardMenu1 Test********************************
2021-11-24 16:01:06,660 :INFO :Logs.Log :********************verifying test_DashboardMenu1 Test********************************
2021-11-24 16:03:38,269 :INFO :Logs.Log :********************verifying test_DashboardMenu1 Test********************************
2021-11-24 16:07:32,843 :INFO :Logs.Log :********************verifying test_DashboardMenu1 Test********************************
2021-11-24 16:18:05,237 :INFO :Logs.Log :********************verifying test_DashboardMenu1 Test********************************
2021-11-24 16:31:01,974 :INFO :Logs.Log :********************verifying test_DashboardMenu1 Test********************************
2021-11-24 16:58:38,692 :INFO :Logs.Log :********************verifying test_DashboardMenu1 Test********************************
2021-11-24 17:27:47,195 :INFO :Logs.Log :********************verifying test_DashboardMenu1 Test********************************
2021-11-26 14:57:24,188 :INFO :Logs.Log :********************verifying test_DashboardMenu1 Test********************************
2021-11-26 15:05:25,387 :INFO :Logs.Log :********************verifying test_DashboardMenu1 Test********************************
2021-11-26 15:22:46,608 :INFO :Logs.Log :********************verifying test_DashboardMenu1 Test********************************
2021-11-26 17:04:51,578 :INFO :Logs.Log :********************verifying test_DashboardMenu1 Test********************************
2021-11-26 17:14:08,042 :INFO :Logs.Log :********************verifying test_DashboardMenu1 Test********************************
2021-11-26 17:17:20,559 :INFO :Logs.Log :********************verifying test_DashboardMenu1 Test********************************
2021-11-26 17:19:05,391 :INFO :Logs.Log :********************test_Propensity_score_link Ended Due to difference in the txt********************************
2021-11-26 17:24:10,089 :INFO :Logs.Log :********************verifying test_Propensity_close Test********************************
2021-11-26 17:26:10,712 :INFO :Logs.Log :********************test_Propensity_close Ended********************************
2021-12-01 15:09:15,202 :INFO :Logs.Log :********************verifying Login Test********************************
2021-12-01 15:11:18,189 :INFO :Logs.Log :********************verifying Login Test********************************
2021-12-01 15:14:51,318 :INFO :Logs.Log :********************verifying Login Test********************************
2021-12-01 15:19:28,946 :INFO :Logs.Log :********************verifying Login Test********************************
2021-12-01 15:21:00,782 :INFO :Logs.Log :********************ChooseFile Test passed********************************
2021-12-01 15:21:52,614 :INFO :Logs.Log :********************verifying Login Test********************************
2021-12-01 15:22:52,992 :INFO :Logs.Log :********************ChooseFile Test passed********************************
2021-12-01 15:26:11,945 :INFO :Logs.Log :********************verifying Login Test********************************
2021-12-01 15:27:10,528 :INFO :Logs.Log :********************ChooseFile Test passed********************************
2021-12-01 15:28:40,293 :INFO :Logs.Log :********************verifying Login Test********************************
2021-12-01 15:33:13,102 :INFO :Logs.Log :********************verifying Login Test********************************
2021-12-01 17:55:14,737 :INFO :Logs.Log :********************verifying Login Test********************************
2021-12-01 17:56:26,373 :INFO :Logs.Log :********************verifying Login Test********************************
2021-12-01 17:57:59,689 :INFO :Logs.Log :********************verifying Login Test********************************
2021-12-01 18:02:33,756 :INFO :Logs.Log :********************verifying Login Test********************************
2021-12-01 18:03:24,704 :INFO :Logs.Log :********************Submit Test passed********************************
2021-12-01 18:04:15,777 :INFO :Logs.Log :********************verifying Login Test********************************
2021-12-02 11:02:28,494 :INFO :Logs.Log :********************verifying Login Test********************************
2021-12-02 14:00:50,260 :INFO :Logs.Log :***********************Test_001_Login*****************************
2021-12-02 14:00:50,261 :INFO :Logs.Log :********************Test Login Ended********************************
2021-12-02 14:01:10,518 :INFO :Logs.Log :********************Test  Login Ended********************************
2021-12-02 14:01:12,117 :INFO :Logs.Log :********************verifying Login Test********************************
2021-12-02 14:02:53,161 :INFO :Logs.Log :********************verifying Login Test********************************
2021-12-02 14:03:49,305 :INFO :Logs.Log :********************test_ReportPage_Community Ended********************************
2021-12-02 17:32:48,141 :INFO :Logs.Log :********************verifying Login Test********************************
2021-12-02 17:57:53,070 :INFO :Logs.Log :********************verifying Login Test********************************
2021-12-02 18:02:30,599 :INFO :Logs.Log :********************verifying Login Test********************************
2021-12-02 18:12:54,855 :INFO :Logs.Log :********************verifying Login Test********************************
2021-12-02 18:14:24,094 :INFO :Logs.Log :********************verifying Login Test********************************
2021-12-02 18:16:08,706 :INFO :Logs.Log :********************ExecuteButton Test passed********************************
2021-12-02 18:17:26,095 :INFO :Logs.Log :********************verifying Login Test********************************
2021-12-02 18:19:19,153 :INFO :Logs.Log :********************ExecuteButton Test passed********************************
2021-12-02 18:19:51,448 :INFO :Logs.Log :********************verifying Login Test********************************
2021-12-02 18:23:01,271 :INFO :Logs.Log :********************ExecuteButton Test passed********************************
2021-12-02 18:23:16,626 :INFO :Logs.Log :********************verifying Login Test********************************
2021-12-02 18:26:45,673 :INFO :Logs.Log :********************ExecuteButton Test passed********************************
2021-12-02 18:27:12,109 :INFO :Logs.Log :********************verifying Login Test********************************
2021-12-08 10:44:19,749 :INFO :Logs.Log :********************verifying Login Test********************************
2021-12-08 10:58:04,260 :INFO :Logs.Log :********************verifying Login Test********************************
2021-12-08 11:04:11,684 :INFO :Logs.Log :********************verifying Login Test********************************
2021-12-14 15:44:29,680 :INFO :Logs.Log :********************verifying test_ReportPage_Community Test********************************
2021-12-14 15:45:39,171 :INFO :Logs.Log :********************test_ReportPage_Community Ended********************************
2021-12-14 15:45:41,051 :INFO :Logs.Log :********************verifying test_Community_Submit Test********************************
2021-12-14 15:48:31,633 :INFO :Logs.Log :********************test_Community_Submit Ended********************************
2021-12-14 15:48:33,057 :INFO :Logs.Log :********************verifying test_Community_ExecuteButton Test********************************
2021-12-14 15:52:58,130 :INFO :Logs.Log :********************test_Community_ExecuteButton Ended********************************
2021-12-14 15:52:59,568 :INFO :Logs.Log :********************verifying Login Test********************************
2021-12-15 11:15:15,351 :INFO :Logs.Log :********************verifying Login Test********************************
2021-12-15 11:16:07,599 :INFO :Logs.Log :********************Login Test passed********************************
2021-12-21 15:08:59,698 :INFO :Logs.Log :********************verifying SubmitButton Test********************************
2021-12-21 15:10:59,471 :INFO :Logs.Log :********************verifying SubmitButton Test********************************
2021-12-21 15:13:53,252 :INFO :Logs.Log :********************verifying SubmitButton Test********************************
2021-12-21 15:21:35,568 :INFO :Logs.Log :********************verifying SubmitButton Test********************************
2021-12-21 15:27:23,670 :INFO :Logs.Log :********************verifying SubmitButton Test********************************
2021-12-21 15:32:15,853 :INFO :Logs.Log :********************verifying SubmitButton Test********************************
2021-12-21 15:40:17,951 :INFO :Logs.Log :********************verifying SubmitButton Test********************************
2021-12-21 15:44:00,768 :INFO :Logs.Log :********************test_GoodSam_Submit Ended********************************
2021-12-21 15:49:29,197 :INFO :Logs.Log :********************verifying SubmitButton Test********************************
2021-12-22 11:04:57,760 :INFO :Logs.Log :********************verifying SubmitButton Test********************************
2021-12-22 11:10:24,624 :INFO :Logs.Log :********************verifying SubmitButton Test********************************
2021-12-22 11:22:24,670 :INFO :Logs.Log :********************verifying SubmitButton Test********************************
2021-12-22 11:32:04,538 :INFO :Logs.Log :********************verifying SubmitButton Test********************************
2021-12-22 12:09:34,062 :INFO :Logs.Log :********************verifying SubmitButton Test********************************
2021-12-27 13:40:14,551 :INFO :Logs.Log :********************verifying Submit Test********************************
2021-12-27 13:42:28,255 :INFO :Logs.Log :********************verifying Submit Test********************************
2021-12-27 13:44:08,107 :INFO :Logs.Log :********************verifying Submit Test********************************
2021-12-27 14:27:47,480 :INFO :Logs.Log :********************verifying Submit Test********************************
2021-12-27 14:31:46,721 :INFO :Logs.Log :********************verifying Submit Test********************************
2021-12-27 14:41:46,121 :INFO :Logs.Log :********************verifying Submit Test********************************
2021-12-27 14:47:19,968 :INFO :Logs.Log :********************verifying Submit Test********************************
2021-12-27 15:37:31,809 :INFO :Logs.Log :********************verifying Submit Test********************************
2021-12-27 15:52:10,906 :INFO :Logs.Log :********************verifying Submit Test********************************
2021-12-27 15:55:33,846 :INFO :Logs.Log :********************verifying Submit Test********************************
2021-12-27 15:58:26,432 :INFO :Logs.Log :********************verifying Submit Test********************************
2021-12-27 18:11:18,903 :INFO :Logs.Log :********************verifying Submit Test********************************
2021-12-27 18:43:03,005 :INFO :Logs.Log :********************verifying Submit Test********************************
2022-01-04 11:13:22,233 :INFO :Logs.Log :********************verifying Submit Test********************************
2022-01-04 11:21:38,966 :INFO :Logs.Log :********************verifying Submit Test********************************
2022-01-04 12:38:06,278 :INFO :Logs.Log :********************verifying Submit Test********************************
2022-01-04 12:40:14,527 :INFO :Logs.Log :********************verifying Submit Test********************************
2022-01-04 12:41:18,341 :INFO :Logs.Log :********************test_dropdown passed********************************
2022-01-05 16:00:53,700 :INFO :Logs.Log :********************verifying Submit Test********************************
2022-01-05 16:02:09,714 :INFO :Logs.Log :********************test_BookToFacs Test passed********************************
2022-01-05 16:03:41,207 :INFO :Logs.Log :********************verifying Submit Test********************************
2022-01-05 16:05:05,267 :INFO :Logs.Log :********************test_BookToFacs Test passed********************************
2022-01-05 16:06:23,718 :INFO :Logs.Log :********************verifying Submit Test********************************
2022-01-05 16:21:02,142 :INFO :Logs.Log :********************verifying Submit Test********************************
2022-01-05 16:27:19,298 :INFO :Logs.Log :********************verifying Submit Test********************************
2022-01-05 16:29:42,974 :INFO :Logs.Log :********************verifying Submit Test********************************
2022-01-05 16:33:16,720 :INFO :Logs.Log :********************verifying Submit Test********************************
2022-01-05 16:35:50,359 :INFO :Logs.Log :********************verifying Submit Test********************************
2022-01-05 16:36:54,243 :INFO :Logs.Log :********************test_BookToFacs Ended********************************
2022-01-05 16:37:03,390 :INFO :Logs.Log :********************test_BookToFacs Ended********************************
2022-01-05 16:37:12,547 :INFO :Logs.Log :********************test_BookToFacs Ended********************************
2022-01-05 16:37:21,725 :INFO :Logs.Log :********************test_BookToFacs Ended********************************
2022-01-05 16:37:30,895 :INFO :Logs.Log :********************test_BookToFacs Ended********************************
2022-01-05 16:37:40,127 :INFO :Logs.Log :********************test_BookToFacs Ended********************************
2022-01-05 16:37:49,263 :INFO :Logs.Log :********************test_BookToFacs Ended********************************
2022-01-05 16:37:58,397 :INFO :Logs.Log :********************test_BookToFacs Ended********************************
2022-01-05 16:38:07,555 :INFO :Logs.Log :********************test_BookToFacs Ended********************************
2022-01-05 16:38:16,699 :INFO :Logs.Log :********************test_BookToFacs Ended********************************
2022-01-05 16:38:25,931 :INFO :Logs.Log :********************test_BookToFacs Ended********************************
2022-01-05 16:38:35,063 :INFO :Logs.Log :********************test_BookToFacs Ended********************************
2022-01-05 16:38:44,195 :INFO :Logs.Log :********************test_BookToFacs Ended********************************
2022-01-05 16:38:53,330 :INFO :Logs.Log :********************test_BookToFacs Ended********************************
2022-01-05 16:39:02,483 :INFO :Logs.Log :********************test_BookToFacs Ended********************************
2022-01-05 16:39:11,749 :INFO :Logs.Log :********************test_BookToFacs Ended********************************
2022-01-05 16:39:20,903 :INFO :Logs.Log :********************test_BookToFacs Ended********************************
2022-01-05 16:39:30,059 :INFO :Logs.Log :********************test_BookToFacs Ended********************************
2022-01-05 16:39:39,222 :INFO :Logs.Log :********************test_BookToFacs Ended********************************
2022-01-05 16:39:48,387 :INFO :Logs.Log :********************test_BookToFacs Ended********************************
2022-01-05 16:39:57,651 :INFO :Logs.Log :********************test_BookToFacs Ended********************************
2022-01-05 16:40:06,795 :INFO :Logs.Log :********************test_BookToFacs Ended********************************
2022-01-05 16:40:15,923 :INFO :Logs.Log :********************test_BookToFacs Ended********************************
2022-01-05 16:40:25,051 :INFO :Logs.Log :********************test_BookToFacs Ended********************************
2022-01-05 16:40:34,207 :INFO :Logs.Log :********************test_BookToFacs Ended********************************
2022-01-05 16:40:43,457 :INFO :Logs.Log :********************test_BookToFacs Ended********************************
2022-01-05 16:40:52,591 :INFO :Logs.Log :********************test_BookToFacs Ended********************************
2022-01-05 16:41:01,711 :INFO :Logs.Log :********************test_BookToFacs Ended********************************
2022-01-05 16:41:10,855 :INFO :Logs.Log :********************test_BookToFacs Ended********************************
2022-01-05 16:41:20,007 :INFO :Logs.Log :********************test_BookToFacs Ended********************************
2022-01-05 16:41:29,255 :INFO :Logs.Log :********************test_BookToFacs Ended********************************
2022-01-05 16:41:38,375 :INFO :Logs.Log :********************test_BookToFacs Ended********************************
2022-01-05 16:41:47,518 :INFO :Logs.Log :********************test_BookToFacs Ended********************************
2022-01-05 16:41:56,661 :INFO :Logs.Log :********************test_BookToFacs Ended********************************
2022-01-05 16:42:05,850 :INFO :Logs.Log :********************test_BookToFacs Ended********************************
2022-01-05 16:42:15,083 :INFO :Logs.Log :********************test_BookToFacs Ended********************************
2022-01-05 16:42:24,213 :INFO :Logs.Log :********************test_BookToFacs Ended********************************
2022-01-05 16:42:33,347 :INFO :Logs.Log :********************test_BookToFacs Ended********************************
2022-01-05 16:42:42,487 :INFO :Logs.Log :********************test_BookToFacs Ended********************************
2022-01-05 16:42:51,635 :INFO :Logs.Log :********************test_BookToFacs Ended********************************
2022-01-05 16:43:00,897 :INFO :Logs.Log :********************test_BookToFacs Ended********************************
2022-01-05 16:43:10,035 :INFO :Logs.Log :********************test_BookToFacs Ended********************************
2022-01-05 16:43:19,167 :INFO :Logs.Log :********************test_BookToFacs Ended********************************
2022-01-05 16:43:28,311 :INFO :Logs.Log :********************test_BookToFacs Ended********************************
2022-01-05 16:43:37,455 :INFO :Logs.Log :********************test_BookToFacs Ended********************************
2022-01-05 16:43:46,731 :INFO :Logs.Log :********************test_BookToFacs Ended********************************
2022-01-05 16:43:55,867 :INFO :Logs.Log :********************test_BookToFacs Ended********************************
2022-01-05 16:44:04,999 :INFO :Logs.Log :********************test_BookToFacs Ended********************************
2022-01-05 16:44:14,136 :INFO :Logs.Log :********************test_BookToFacs Ended********************************
2022-01-05 16:44:23,279 :INFO :Logs.Log :********************test_BookToFacs Ended********************************
2022-01-05 16:44:32,539 :INFO :Logs.Log :********************test_BookToFacs Ended********************************
2022-01-05 16:44:41,691 :INFO :Logs.Log :********************test_BookToFacs Ended********************************
2022-01-05 16:44:50,835 :INFO :Logs.Log :********************test_BookToFacs Ended********************************
2022-01-05 16:44:59,971 :INFO :Logs.Log :********************test_BookToFacs Ended********************************
2022-01-05 16:45:09,119 :INFO :Logs.Log :********************test_BookToFacs Ended********************************
2022-01-05 16:45:18,399 :INFO :Logs.Log :********************test_BookToFacs Ended********************************
2022-01-05 16:45:27,522 :INFO :Logs.Log :********************test_BookToFacs Ended********************************
2022-01-05 16:45:36,655 :INFO :Logs.Log :********************test_BookToFacs Ended********************************
2022-01-05 16:45:45,771 :INFO :Logs.Log :********************test_BookToFacs Ended********************************
2022-01-05 16:45:54,915 :INFO :Logs.Log :********************test_BookToFacs Ended********************************
2022-01-06 10:56:56,174 :INFO :Logs.Log :********************verifying Submit Test********************************
2022-01-06 14:58:48,552 :INFO :Logs.Log :********************verifying Submit Test********************************
2022-01-06 15:02:23,426 :INFO :Logs.Log :********************test_GoodSam_Submit Test passed********************************
2022-01-06 15:05:52,714 :INFO :Logs.Log :********************verifying Submit Test********************************
2022-01-06 15:15:32,275 :INFO :Logs.Log :********************test_GoodSam_Submit Ended********************************
2022-01-06 15:16:03,896 :INFO :Logs.Log :********************verifying Submit Test********************************
2022-01-06 15:18:05,793 :INFO :Logs.Log :********************verifying Submit Test********************************
2022-01-06 15:20:02,926 :INFO :Logs.Log :********************verifying Submit Test********************************
2022-01-06 15:29:10,225 :INFO :Logs.Log :********************verifying Submit Test********************************
2022-01-06 15:32:59,277 :INFO :Logs.Log :********************test_GoodSam_Submit Test passed********************************
2022-01-11 13:39:04,967 :INFO :Logs.Log :********************verifying Submit Test********************************
2022-01-11 13:45:43,540 :INFO :Logs.Log :********************verifying Submit Test********************************
2022-01-11 13:47:59,518 :INFO :Logs.Log :********************verifying Submit Test********************************
2022-01-11 14:19:05,708 :INFO :Logs.Log :********************test_Executebutton Ended********************************
2022-01-18 11:15:41,066 :INFO :Logs.Log :********************verifying Submit Test********************************
2022-01-18 11:17:31,256 :INFO :Logs.Log :********************verifying Submit Test********************************
2022-01-18 11:20:14,852 :INFO :Logs.Log :********************verifying Submit Test********************************
2022-01-18 11:22:00,473 :INFO :Logs.Log :********************verifying Submit Test********************************
2022-01-18 11:31:15,280 :INFO :Logs.Log :********************verifying Submit Test********************************
2022-01-18 13:26:14,559 :INFO :Logs.Log :********************verifying Submit Test********************************
2022-01-18 13:28:37,843 :INFO :Logs.Log :********************verifying Submit Test********************************
2022-01-18 13:34:42,352 :INFO :Logs.Log :********************verifying Submit Test********************************
2022-01-18 13:42:12,928 :INFO :Logs.Log :********************verifying Submit Test********************************
2022-01-18 13:43:31,824 :INFO :Logs.Log :********************test_dropdown passed********************************
2022-01-20 15:28:52,561 :INFO :Logs.Log :********************verifying test_Radio********************************
2022-01-20 15:29:48,050 :INFO :Logs.Log :********************test_Radio passed********************************
2022-01-20 15:29:50,147 :INFO :Logs.Log :********************verifying test_Choosefile_HA1Page Test********************************
2022-01-20 15:31:04,955 :INFO :Logs.Log :********************test_Choosefile_HA1Page Ended********************************
2022-01-20 15:32:12,987 :INFO :Logs.Log :********************verifying test_Reconcilliation_Reports********************************
2022-01-20 15:33:17,204 :INFO :Logs.Log :********************verifying test_Radio********************************
2022-01-20 15:34:16,620 :INFO :Logs.Log :********************test_Radio passed********************************
2022-01-20 15:34:18,264 :INFO :Logs.Log :********************verifying test_Choosefile_HA1Page Test********************************
2022-01-20 15:35:29,644 :INFO :Logs.Log :********************test_Choosefile_HA1Page Ended********************************
2022-01-21 15:10:54,910 :INFO :Logs.Log :********************verifying test_ReportPage_Community Test********************************
2022-01-21 15:12:12,019 :INFO :Logs.Log :********************verifying test_Community_Submit Test********************************
2022-01-21 15:13:22,210 :INFO :Logs.Log :********************verifying test_ReportPage_Community Test********************************
2022-01-21 15:14:46,842 :INFO :Logs.Log :********************verifying test_Community_Submit Test********************************
2022-01-21 15:21:52,196 :INFO :Logs.Log :********************verifying test_ReportPage_Community Test********************************
2022-01-21 15:23:14,601 :INFO :Logs.Log :********************verifying test_Community_Submit Test********************************
2022-01-21 15:28:03,053 :INFO :Logs.Log :********************verifying test_ReportPage_Community Test********************************
2022-01-21 15:30:15,839 :INFO :Logs.Log :********************verifying test_Community_Submit Test********************************
2022-01-21 15:32:17,618 :INFO :Logs.Log :********************verifying test_Radio********************************
2022-01-21 15:33:39,937 :INFO :Logs.Log :********************test_Radio passed********************************
2022-01-21 15:37:18,119 :INFO :Logs.Log :********************verifying test_ReportPage_Community Test********************************
2022-01-21 15:38:02,121 :INFO :Logs.Log :********************verifying test_Community_Submit Test********************************
2022-01-21 15:40:22,257 :INFO :Logs.Log :********************verifying test_ReportPage_Community Test********************************
2022-01-21 15:41:09,094 :INFO :Logs.Log :********************verifying test_Community_Submit Test********************************
2022-01-21 17:50:32,203 :INFO :Logs.Log :********************verifying test_ReportPage_Community Test********************************
2022-01-21 17:51:12,728 :INFO :Logs.Log :********************verifying test_Community_Submit Test********************************
2022-01-21 17:54:29,125 :INFO :Logs.Log :********************verifying test_ReportPage_Community Test********************************
2022-01-21 17:55:14,300 :INFO :Logs.Log :********************verifying test_Community_Submit Test********************************
2022-01-21 18:03:30,087 :INFO :Logs.Log :********************verifying test_ReportPage_Community Test********************************
2022-01-21 18:04:11,968 :INFO :Logs.Log :********************verifying test_Community_Submit Test********************************
2022-01-21 18:07:43,780 :INFO :Logs.Log :********************verifying test_ReportPage_Community Test********************************
2022-01-21 18:08:30,345 :INFO :Logs.Log :********************verifying test_Community_Submit Test********************************
2022-01-21 18:14:39,158 :INFO :Logs.Log :********************verifying test_ReportPage_Community Test********************************
2022-01-21 18:15:44,158 :INFO :Logs.Log :********************verifying test_Community_Submit Test********************************
2022-01-24 09:57:36,930 :INFO :Logs.Log :********************verifying test_ReportPage_Community Test********************************
2022-01-24 09:58:14,194 :INFO :Logs.Log :********************verifying test_Community_Submit Test********************************
2022-01-24 10:00:12,758 :INFO :Logs.Log :********************verifying test_Reconcilliation_Reports********************************
2022-01-24 10:01:17,018 :INFO :Logs.Log :********************test_Community_Reports passed********************************
2022-01-24 10:01:18,671 :INFO :Logs.Log :********************verifying test_ReportPage_Community Test********************************
2022-01-24 10:02:05,211 :INFO :Logs.Log :********************verifying test_Community_Submit Test********************************
2022-01-24 10:03:53,857 :INFO :Logs.Log :********************verifying test_Reconcilliation_Reports********************************
2022-01-24 10:04:54,627 :INFO :Logs.Log :********************test_Community_Reports passed********************************
2022-01-24 10:04:56,249 :INFO :Logs.Log :********************verifying test_ReportPage_Community Test********************************
2022-01-24 10:05:56,589 :INFO :Logs.Log :********************test_ReportPage_Community Ended********************************
2022-01-24 10:05:58,157 :INFO :Logs.Log :********************verifying test_Community_Submit Test********************************
2022-01-24 10:08:46,706 :INFO :Logs.Log :********************test_Community_Submit Ended********************************
2023-07-16 14:34:00,614 :INFO :Logs.Log :***********************Test_002_Login_ddt*****************************
2023-07-16 14:34:00,617 :INFO :Logs.Log :********************verifying Login Test********************************
